#-----------------------------------------------------------
# Vivado v2019.2 (64-bit)
# SW Build 2708876 on Wed Nov  6 21:40:23 MST 2019
# IP Build 2700528 on Thu Nov  7 00:09:20 MST 2019
# Start of session at: Tue Dec  8 15:52:17 2020
# Process ID: 8720
# Current directory: C:/Users/93508/Desktop/Project/SingleCPU
# Command line: vivado.exe -gui_launcher_event rodinguilauncherevent8252 C:\Users\93508\Desktop\Project\SingleCPU\SingleCPU.xpr
# Log file: C:/Users/93508/Desktop/Project/SingleCPU/vivado.log
# Journal file: C:/Users/93508/Desktop/Project/SingleCPU\vivado.jou
#-----------------------------------------------------------
start_gui
open_project C:/Users/93508/Desktop/Project/SingleCPU/SingleCPU.xpr
Scanning sources...
Finished scanning sources
INFO: [IP_Flow 19-234] Refreshing IP repositories
INFO: [IP_Flow 19-1704] No user IP repositories specified
INFO: [IP_Flow 19-2313] Loaded Vivado IP repository 'C:/Xilinx/Vivado/2019.2/data/ip'.
open_project: Time (s): cpu = 00:00:19 ; elapsed = 00:00:11 . Memory (MB): peak = 883.477 ; gain = 241.848
update_compile_order -fileset sources_1
exit
INFO: [Common 17-206] Exiting Vivado at Tue Dec  8 16:09:28 2020...
