#-----------------------------------------------------------
# Vivado v2019.2 (64-bit)
# SW Build 2708876 on Wed Nov  6 21:40:23 MST 2019
# IP Build 2700528 on Thu Nov  7 00:09:20 MST 2019
# Start of session at: Sat Dec  5 23:34:13 2020
# Process ID: 11252
# Current directory: C:/Users/93508/Desktop/大二资料/大二上/计算机组成原理/2020-计组实验/计组实验3_4（2020）/18329015 郝裕玮 实验二/Project/SingleCPU
# Command line: vivado.exe -gui_launcher_event rodinguilauncherevent13076 C:\Users\93508\Desktop\大二资料\大二上\计算机组成原理\2020-计组实验\计组实验3_4（2020）\18329015 郝裕玮 实验二\Project\SingleCPU\SingleCPU.xpr
# Log file: C:/Users/93508/Desktop/大二资料/大二上/计算机组成原理/2020-计组实验/计组实验3_4（2020）/18329015 郝裕玮 实验二/Project/SingleCPU/vivado.log
# Journal file: C:/Users/93508/Desktop/大二资料/大二上/计算机组成原理/2020-计组实验/计组实验3_4（2020）/18329015 郝裕玮 实验二/Project/SingleCPU\vivado.jou
#-----------------------------------------------------------
start_gui
open_project {C:/Users/93508/Desktop/大二资料/大二上/计算机组成原理/2020-计组实验/计组实验3_4（2020）/18329015 郝裕玮 实验二/Project/SingleCPU/SingleCPU.xpr}
INFO: [ProjectBase 1-489] The host OS only allows 260 characters in a normal path. The project is stored in a path with more than 80 characters. If you experience issues with IP, Block Designs, or files not being found, please consider moving the project to a location with a shorter path. Alternately consider using the OS subst command to map part of the path to a drive letter.
Current project path is 'C:/Users/93508/Desktop/大二资料/大二上/计算机组成原理/2020-计组实验/计组实验3_4（2020）/18329015 郝裕玮 实验二/Project/SingleCPU'
INFO: [Project 1-313] Project file moved from 'C:/Users/93508/Desktop/Project/SingleCPU' since last save.
CRITICAL WARNING: [Project 1-311] Could not find the file 'C:/Users/93508/Desktop/大二资料/大二上/计算机组成原理/2020-计组实验/计组实验3_4（2020）/18329015 郝裕玮 实验二/Basys3_Master.xdc', nor could it be found using path 'C:/Users/93508/Desktop/Basys3_Master.xdc'.
Scanning sources...
Finished scanning sources
INFO: [IP_Flow 19-234] Refreshing IP repositories
INFO: [IP_Flow 19-1704] No user IP repositories specified
INFO: [IP_Flow 19-2313] Loaded Vivado IP repository 'C:/Xilinx/Vivado/2019.2/data/ip'.
open_project: Time (s): cpu = 00:00:18 ; elapsed = 00:00:11 . Memory (MB): peak = 899.336 ; gain = 258.027
update_compile_order -fileset sources_1
exit
INFO: [Common 17-206] Exiting Vivado at Sat Dec  5 23:35:11 2020...
