#-----------------------------------------------------------
# Vivado v2019.2 (64-bit)
# SW Build 2708876 on Wed Nov  6 21:40:23 MST 2019
# IP Build 2700528 on Thu Nov  7 00:09:20 MST 2019
# Start of session at: Sat Dec 26 17:17:21 2020
# Process ID: 8908
# Current directory: C:/Users/93508/Desktop/Multiple-Cycle-CPU
# Command line: vivado.exe -gui_launcher_event rodinguilauncherevent13364 C:\Users\93508\Desktop\Multiple-Cycle-CPU\Multiple-Cycle-CPU.xpr
# Log file: C:/Users/93508/Desktop/Multiple-Cycle-CPU/vivado.log
# Journal file: C:/Users/93508/Desktop/Multiple-Cycle-CPU\vivado.jou
#-----------------------------------------------------------
start_gui
open_project C:/Users/93508/Desktop/Multiple-Cycle-CPU/Multiple-Cycle-CPU.xpr
Scanning sources...
Finished scanning sources
INFO: [IP_Flow 19-234] Refreshing IP repositories
INFO: [IP_Flow 19-1704] No user IP repositories specified
INFO: [IP_Flow 19-2313] Loaded Vivado IP repository 'C:/Xilinx/Vivado/2019.2/data/ip'.
open_project: Time (s): cpu = 00:00:16 ; elapsed = 00:00:09 . Memory (MB): peak = 920.879 ; gain = 274.547
update_compile_order -fileset sources_1
exit
INFO: [Common 17-206] Exiting Vivado at Sat Dec 26 17:17:51 2020...
