INFO: [VRFC 10-2263] Analyzing Verilog file "C:/Users/93508/Desktop/大二资料/大二上/计算机组成原理/2020-计组实验/计组实验3_4（2020）/18329015 郝裕玮 实验二/Project/SingleCPU/SingleCPU.srcs/sources_1/new/ALU.v" into library xil_defaultlib
INFO: [VRFC 10-311] analyzing module ALU
INFO: [VRFC 10-2263] Analyzing Verilog file "C:/Users/93508/Desktop/大二资料/大二上/计算机组成原理/2020-计组实验/计组实验3_4（2020）/18329015 郝裕玮 实验二/Project/SingleCPU/SingleCPU.srcs/sources_1/new/Adder.v" into library xil_defaultlib
INFO: [VRFC 10-311] analyzing module Adder
INFO: [VRFC 10-2263] Analyzing Verilog file "C:/Users/93508/Desktop/大二资料/大二上/计算机组成原理/2020-计组实验/计组实验3_4（2020）/18329015 郝裕玮 实验二/Project/SingleCPU/SingleCPU.srcs/sources_1/new/CPU.v" into library xil_defaultlib
INFO: [VRFC 10-311] analyzing module CPU
INFO: [VRFC 10-2263] Analyzing Verilog file "C:/Users/93508/Desktop/大二资料/大二上/计算机组成原理/2020-计组实验/计组实验3_4（2020）/18329015 郝裕玮 实验二/Project/SingleCPU/SingleCPU.srcs/sources_1/new/ControlUnit.v" into library xil_defaultlib
INFO: [VRFC 10-311] analyzing module ControlUnit
INFO: [VRFC 10-2263] Analyzing Verilog file "C:/Users/93508/Desktop/大二资料/大二上/计算机组成原理/2020-计组实验/计组实验3_4（2020）/18329015 郝裕玮 实验二/Project/SingleCPU/SingleCPU.srcs/sources_1/new/DataMem.v" into library xil_defaultlib
INFO: [VRFC 10-311] analyzing module DataMem
INFO: [VRFC 10-2263] Analyzing Verilog file "C:/Users/93508/Desktop/大二资料/大二上/计算机组成原理/2020-计组实验/计组实验3_4（2020）/18329015 郝裕玮 实验二/Project/SingleCPU/SingleCPU.srcs/sources_1/new/InsMem.v" into library xil_defaultlib
INFO: [VRFC 10-311] analyzing module InsMem
INFO: [VRFC 10-2263] Analyzing Verilog file "C:/Users/93508/Desktop/大二资料/大二上/计算机组成原理/2020-计组实验/计组实验3_4（2020）/18329015 郝裕玮 实验二/Project/SingleCPU/SingleCPU.srcs/sources_1/new/InsSelect.v" into library xil_defaultlib
INFO: [VRFC 10-311] analyzing module InsSelect
INFO: [VRFC 10-2263] Analyzing Verilog file "C:/Users/93508/Desktop/大二资料/大二上/计算机组成原理/2020-计组实验/计组实验3_4（2020）/18329015 郝裕玮 实验二/Project/SingleCPU/SingleCPU.srcs/sources_1/new/PC.v" into library xil_defaultlib
INFO: [VRFC 10-311] analyzing module PC
INFO: [VRFC 10-2263] Analyzing Verilog file "C:/Users/93508/Desktop/大二资料/大二上/计算机组成原理/2020-计组实验/计组实验3_4（2020）/18329015 郝裕玮 实验二/Project/SingleCPU/SingleCPU.srcs/sources_1/new/RegisterFile.v" into library xil_defaultlib
INFO: [VRFC 10-311] analyzing module RegisterFile
INFO: [VRFC 10-2263] Analyzing Verilog file "C:/Users/93508/Desktop/大二资料/大二上/计算机组成原理/2020-计组实验/计组实验3_4（2020）/18329015 郝裕玮 实验二/Project/SingleCPU/SingleCPU.srcs/sources_1/new/sign_zero_extend.v" into library xil_defaultlib
INFO: [VRFC 10-311] analyzing module sign_zero_extend
INFO: [VRFC 10-2263] Analyzing Verilog file "C:/Users/93508/Desktop/大二资料/大二上/计算机组成原理/2020-计组实验/计组实验3_4（2020）/18329015 郝裕玮 实验二/Project/SingleCPU/SingleCPU.srcs/sim_1/new/sim.v" into library xil_defaultlib
INFO: [VRFC 10-311] analyzing module sim
INFO: [VRFC 10-2263] Analyzing Verilog file "C:/Users/93508/Desktop/大二资料/大二上/计算机组成原理/2020-计组实验/计组实验3_4（2020）/18329015 郝裕玮 实验二/Project/SingleCPU/SingleCPU.sim/sim_1/behav/xsim/glbl.v" into library xil_defaultlib
INFO: [VRFC 10-311] analyzing module glbl
