
*** Running vivado
    with args -log Basy3.vds -m64 -product Vivado -mode batch -messageDb vivado.pb -notrace -source Basy3.tcl


****** Vivado v2019.2 (64-bit)
  **** SW Build 2708876 on Wed Nov  6 21:40:23 MST 2019
  **** IP Build 2700528 on Thu Nov  7 00:09:20 MST 2019
    ** Copyright 1986-2019 Xilinx, Inc. All Rights Reserved.

source Basy3.tcl -notrace
Command: synth_design -top Basy3 -part xc7a35tcpg236-1
Starting synth_design
Attempting to get a license for feature 'Synthesis' and/or device 'xc7a35t'
INFO: [Common 17-349] Got license for feature 'Synthesis' and/or device 'xc7a35t'
INFO: [Device 21-403] Loading part xc7a35tcpg236-1
INFO: Launching helper process for spawning children vivado processes
INFO: Helper process launched with PID 1552 
---------------------------------------------------------------------------------
Starting RTL Elaboration : Time (s): cpu = 00:00:04 ; elapsed = 00:00:05 . Memory (MB): peak = 949.695 ; gain = 234.238
---------------------------------------------------------------------------------
INFO: [Synth 8-6157] synthesizing module 'Basy3' [C:/Users/93508/Desktop/Project/SingleCPU/SingleCPU.srcs/sources_1/new/Basy3.v:3]
INFO: [Synth 8-6157] synthesizing module 'CPU' [C:/Users/93508/Desktop/Project/SingleCPU/SingleCPU.srcs/sources_1/new/CPU.v:3]
INFO: [Synth 8-6157] synthesizing module 'Adder' [C:/Users/93508/Desktop/Project/SingleCPU/SingleCPU.srcs/sources_1/new/Adder.v:3]
WARNING: [Synth 8-6014] Unused sequential element newPC_reg was removed.  [C:/Users/93508/Desktop/Project/SingleCPU/SingleCPU.srcs/sources_1/new/Adder.v:21]
INFO: [Synth 8-6155] done synthesizing module 'Adder' (1#1) [C:/Users/93508/Desktop/Project/SingleCPU/SingleCPU.srcs/sources_1/new/Adder.v:3]
INFO: [Synth 8-6157] synthesizing module 'PC' [C:/Users/93508/Desktop/Project/SingleCPU/SingleCPU.srcs/sources_1/new/PC.v:24]
INFO: [Synth 8-6155] done synthesizing module 'PC' (2#1) [C:/Users/93508/Desktop/Project/SingleCPU/SingleCPU.srcs/sources_1/new/PC.v:24]
INFO: [Synth 8-6157] synthesizing module 'InsMem' [C:/Users/93508/Desktop/Project/SingleCPU/SingleCPU.srcs/sources_1/new/InsMem.v:23]
INFO: [Synth 8-3876] $readmem data file 'C:\Users\93508\Desktop\instruction.txt' is read successfully [C:/Users/93508/Desktop/Project/SingleCPU/SingleCPU.srcs/sources_1/new/InsMem.v:30]
INFO: [Synth 8-6155] done synthesizing module 'InsMem' (3#1) [C:/Users/93508/Desktop/Project/SingleCPU/SingleCPU.srcs/sources_1/new/InsMem.v:23]
INFO: [Synth 8-6157] synthesizing module 'InsSelect' [C:/Users/93508/Desktop/Project/SingleCPU/SingleCPU.srcs/sources_1/new/InsSelect.v:23]
INFO: [Synth 8-6155] done synthesizing module 'InsSelect' (4#1) [C:/Users/93508/Desktop/Project/SingleCPU/SingleCPU.srcs/sources_1/new/InsSelect.v:23]
INFO: [Synth 8-6157] synthesizing module 'ControlUnit' [C:/Users/93508/Desktop/Project/SingleCPU/SingleCPU.srcs/sources_1/new/ControlUnit.v:23]
INFO: [Synth 8-155] case statement is not full and has no default [C:/Users/93508/Desktop/Project/SingleCPU/SingleCPU.srcs/sources_1/new/ControlUnit.v:45]
INFO: [Synth 8-155] case statement is not full and has no default [C:/Users/93508/Desktop/Project/SingleCPU/SingleCPU.srcs/sources_1/new/ControlUnit.v:43]
INFO: [Synth 8-6155] done synthesizing module 'ControlUnit' (5#1) [C:/Users/93508/Desktop/Project/SingleCPU/SingleCPU.srcs/sources_1/new/ControlUnit.v:23]
INFO: [Synth 8-6157] synthesizing module 'RegisterFile' [C:/Users/93508/Desktop/Project/SingleCPU/SingleCPU.srcs/sources_1/new/RegisterFile.v:23]
INFO: [Synth 8-6155] done synthesizing module 'RegisterFile' (6#1) [C:/Users/93508/Desktop/Project/SingleCPU/SingleCPU.srcs/sources_1/new/RegisterFile.v:23]
INFO: [Synth 8-6157] synthesizing module 'ALU' [C:/Users/93508/Desktop/Project/SingleCPU/SingleCPU.srcs/sources_1/new/ALU.v:23]
INFO: [Synth 8-6155] done synthesizing module 'ALU' (7#1) [C:/Users/93508/Desktop/Project/SingleCPU/SingleCPU.srcs/sources_1/new/ALU.v:23]
INFO: [Synth 8-6157] synthesizing module 'DataMem' [C:/Users/93508/Desktop/Project/SingleCPU/SingleCPU.srcs/sources_1/new/DataMem.v:23]
WARNING: [Synth 8-4767] Trying to implement RAM 'dataMemory_reg' in registers. Block RAM or DRAM implementation is not possible; see log for reasons.
Reason is one or more of the following :
	1: RAM has multiple writes via different ports in same process. If RAM inferencing intended, write to one port per process. 
	2: Unable to determine number of words or word size in RAM. 
	3: No valid read/write found for RAM. 
RAM "dataMemory_reg" dissolved into registers
INFO: [Synth 8-6155] done synthesizing module 'DataMem' (8#1) [C:/Users/93508/Desktop/Project/SingleCPU/SingleCPU.srcs/sources_1/new/DataMem.v:23]
INFO: [Synth 8-6157] synthesizing module 'sign_zero_extend' [C:/Users/93508/Desktop/Project/SingleCPU/SingleCPU.srcs/sources_1/new/sign_zero_extend.v:23]
INFO: [Synth 8-6155] done synthesizing module 'sign_zero_extend' (9#1) [C:/Users/93508/Desktop/Project/SingleCPU/SingleCPU.srcs/sources_1/new/sign_zero_extend.v:23]
INFO: [Synth 8-6155] done synthesizing module 'CPU' (10#1) [C:/Users/93508/Desktop/Project/SingleCPU/SingleCPU.srcs/sources_1/new/CPU.v:3]
WARNING: [Synth 8-689] width (1) of port connection 'op' does not match port width (6) of module 'CPU' [C:/Users/93508/Desktop/Project/SingleCPU/SingleCPU.srcs/sources_1/new/Basy3.v:14]
WARNING: [Synth 8-689] width (1) of port connection 'funct' does not match port width (6) of module 'CPU' [C:/Users/93508/Desktop/Project/SingleCPU/SingleCPU.srcs/sources_1/new/Basy3.v:14]
INFO: [Synth 8-6157] synthesizing module 'remove_shake' [C:/Users/93508/Desktop/Project/SingleCPU/SingleCPU.srcs/sources_1/new/remove_shake.v:23]
	Parameter SAMPLE_TIME bound to: 20000 - type: integer 
INFO: [Synth 8-6155] done synthesizing module 'remove_shake' (11#1) [C:/Users/93508/Desktop/Project/SingleCPU/SingleCPU.srcs/sources_1/new/remove_shake.v:23]
INFO: [Synth 8-6157] synthesizing module 'clk_slow' [C:/Users/93508/Desktop/Project/SingleCPU/SingleCPU.srcs/sources_1/new/clk_show.v:23]
	Parameter DIVISION bound to: 100000 - type: integer 
INFO: [Synth 8-155] case statement is not full and has no default [C:/Users/93508/Desktop/Project/SingleCPU/SingleCPU.srcs/sources_1/new/clk_show.v:40]
INFO: [Synth 8-6155] done synthesizing module 'clk_slow' (12#1) [C:/Users/93508/Desktop/Project/SingleCPU/SingleCPU.srcs/sources_1/new/clk_show.v:23]
INFO: [Synth 8-6157] synthesizing module 'display' [C:/Users/93508/Desktop/Project/SingleCPU/SingleCPU.srcs/sources_1/new/display.v:23]
INFO: [Synth 8-226] default block is never used [C:/Users/93508/Desktop/Project/SingleCPU/SingleCPU.srcs/sources_1/new/display.v:33]
INFO: [Synth 8-6155] done synthesizing module 'display' (13#1) [C:/Users/93508/Desktop/Project/SingleCPU/SingleCPU.srcs/sources_1/new/display.v:23]
INFO: [Synth 8-155] case statement is not full and has no default [C:/Users/93508/Desktop/Project/SingleCPU/SingleCPU.srcs/sources_1/new/Basy3.v:21]
WARNING: [Synth 8-567] referenced signal 'AN' should be on the sensitivity list [C:/Users/93508/Desktop/Project/SingleCPU/SingleCPU.srcs/sources_1/new/Basy3.v:20]
WARNING: [Synth 8-567] referenced signal 'display_mode' should be on the sensitivity list [C:/Users/93508/Desktop/Project/SingleCPU/SingleCPU.srcs/sources_1/new/Basy3.v:20]
WARNING: [Synth 8-567] referenced signal 'nextPC' should be on the sensitivity list [C:/Users/93508/Desktop/Project/SingleCPU/SingleCPU.srcs/sources_1/new/Basy3.v:20]
WARNING: [Synth 8-567] referenced signal 'ReadData1' should be on the sensitivity list [C:/Users/93508/Desktop/Project/SingleCPU/SingleCPU.srcs/sources_1/new/Basy3.v:20]
WARNING: [Synth 8-567] referenced signal 'ReadData2' should be on the sensitivity list [C:/Users/93508/Desktop/Project/SingleCPU/SingleCPU.srcs/sources_1/new/Basy3.v:20]
WARNING: [Synth 8-567] referenced signal 'WriteData' should be on the sensitivity list [C:/Users/93508/Desktop/Project/SingleCPU/SingleCPU.srcs/sources_1/new/Basy3.v:20]
WARNING: [Synth 8-567] referenced signal 'curPC' should be on the sensitivity list [C:/Users/93508/Desktop/Project/SingleCPU/SingleCPU.srcs/sources_1/new/Basy3.v:20]
WARNING: [Synth 8-567] referenced signal 'instruction' should be on the sensitivity list [C:/Users/93508/Desktop/Project/SingleCPU/SingleCPU.srcs/sources_1/new/Basy3.v:20]
WARNING: [Synth 8-567] referenced signal 'ALUresult' should be on the sensitivity list [C:/Users/93508/Desktop/Project/SingleCPU/SingleCPU.srcs/sources_1/new/Basy3.v:20]
INFO: [Synth 8-6155] done synthesizing module 'Basy3' (14#1) [C:/Users/93508/Desktop/Project/SingleCPU/SingleCPU.srcs/sources_1/new/Basy3.v:3]
WARNING: [Synth 8-3331] design PC has unconnected port PCSrc[1]
WARNING: [Synth 8-3331] design PC has unconnected port PCSrc[0]
---------------------------------------------------------------------------------
Finished RTL Elaboration : Time (s): cpu = 00:00:06 ; elapsed = 00:00:08 . Memory (MB): peak = 1059.910 ; gain = 344.453
---------------------------------------------------------------------------------

Report Check Netlist: 
+------+------------------+-------+---------+-------+------------------+
|      |Item              |Errors |Warnings |Status |Description       |
+------+------------------+-------+---------+-------+------------------+
|1     |multi_driven_nets |      0|        0|Passed |Multi driven nets |
+------+------------------+-------+---------+-------+------------------+
---------------------------------------------------------------------------------
Start Handling Custom Attributes
---------------------------------------------------------------------------------
---------------------------------------------------------------------------------
Finished Handling Custom Attributes : Time (s): cpu = 00:00:08 ; elapsed = 00:00:09 . Memory (MB): peak = 1059.910 ; gain = 344.453
---------------------------------------------------------------------------------
---------------------------------------------------------------------------------
Finished RTL Optimization Phase 1 : Time (s): cpu = 00:00:08 ; elapsed = 00:00:09 . Memory (MB): peak = 1059.910 ; gain = 344.453
---------------------------------------------------------------------------------
Netlist sorting complete. Time (s): cpu = 00:00:00 ; elapsed = 00:00:00.143 . Memory (MB): peak = 1059.910 ; gain = 0.000
INFO: [Project 1-570] Preparing netlist for logic optimization

Processing XDC Constraints
Initializing timing engine
Parsing XDC File [C:/Users/93508/Desktop/Basys3_Master.xdc]
WARNING: [Vivado 12-584] No ports matched 'sw[1]'. [C:/Users/93508/Desktop/Basys3_Master.xdc:14]
CRITICAL WARNING: [Common 17-55] 'set_property' expects at least one object. [C:/Users/93508/Desktop/Basys3_Master.xdc:14]
Resolution: If [get_<value>] was used to populate the object, check to make sure this command returns at least one valid object.
WARNING: [Vivado 12-584] No ports matched 'sw[1]'. [C:/Users/93508/Desktop/Basys3_Master.xdc:15]
CRITICAL WARNING: [Common 17-55] 'set_property' expects at least one object. [C:/Users/93508/Desktop/Basys3_Master.xdc:15]
Resolution: If [get_<value>] was used to populate the object, check to make sure this command returns at least one valid object.
WARNING: [Vivado 12-584] No ports matched 'sw[2]'. [C:/Users/93508/Desktop/Basys3_Master.xdc:16]
CRITICAL WARNING: [Common 17-55] 'set_property' expects at least one object. [C:/Users/93508/Desktop/Basys3_Master.xdc:16]
Resolution: If [get_<value>] was used to populate the object, check to make sure this command returns at least one valid object.
WARNING: [Vivado 12-584] No ports matched 'sw[2]'. [C:/Users/93508/Desktop/Basys3_Master.xdc:17]
CRITICAL WARNING: [Common 17-55] 'set_property' expects at least one object. [C:/Users/93508/Desktop/Basys3_Master.xdc:17]
Resolution: If [get_<value>] was used to populate the object, check to make sure this command returns at least one valid object.
WARNING: [Vivado 12-584] No ports matched 'sw[3]'. [C:/Users/93508/Desktop/Basys3_Master.xdc:18]
CRITICAL WARNING: [Common 17-55] 'set_property' expects at least one object. [C:/Users/93508/Desktop/Basys3_Master.xdc:18]
Resolution: If [get_<value>] was used to populate the object, check to make sure this command returns at least one valid object.
WARNING: [Vivado 12-584] No ports matched 'sw[3]'. [C:/Users/93508/Desktop/Basys3_Master.xdc:19]
CRITICAL WARNING: [Common 17-55] 'set_property' expects at least one object. [C:/Users/93508/Desktop/Basys3_Master.xdc:19]
Resolution: If [get_<value>] was used to populate the object, check to make sure this command returns at least one valid object.
WARNING: [Vivado 12-584] No ports matched 'sw[4]'. [C:/Users/93508/Desktop/Basys3_Master.xdc:20]
CRITICAL WARNING: [Common 17-55] 'set_property' expects at least one object. [C:/Users/93508/Desktop/Basys3_Master.xdc:20]
Resolution: If [get_<value>] was used to populate the object, check to make sure this command returns at least one valid object.
WARNING: [Vivado 12-584] No ports matched 'sw[4]'. [C:/Users/93508/Desktop/Basys3_Master.xdc:21]
CRITICAL WARNING: [Common 17-55] 'set_property' expects at least one object. [C:/Users/93508/Desktop/Basys3_Master.xdc:21]
Resolution: If [get_<value>] was used to populate the object, check to make sure this command returns at least one valid object.
WARNING: [Vivado 12-584] No ports matched 'sw[5]'. [C:/Users/93508/Desktop/Basys3_Master.xdc:22]
CRITICAL WARNING: [Common 17-55] 'set_property' expects at least one object. [C:/Users/93508/Desktop/Basys3_Master.xdc:22]
Resolution: If [get_<value>] was used to populate the object, check to make sure this command returns at least one valid object.
WARNING: [Vivado 12-584] No ports matched 'sw[5]'. [C:/Users/93508/Desktop/Basys3_Master.xdc:23]
CRITICAL WARNING: [Common 17-55] 'set_property' expects at least one object. [C:/Users/93508/Desktop/Basys3_Master.xdc:23]
Resolution: If [get_<value>] was used to populate the object, check to make sure this command returns at least one valid object.
WARNING: [Vivado 12-584] No ports matched 'sw[6]'. [C:/Users/93508/Desktop/Basys3_Master.xdc:24]
CRITICAL WARNING: [Common 17-55] 'set_property' expects at least one object. [C:/Users/93508/Desktop/Basys3_Master.xdc:24]
Resolution: If [get_<value>] was used to populate the object, check to make sure this command returns at least one valid object.
WARNING: [Vivado 12-584] No ports matched 'sw[6]'. [C:/Users/93508/Desktop/Basys3_Master.xdc:25]
CRITICAL WARNING: [Common 17-55] 'set_property' expects at least one object. [C:/Users/93508/Desktop/Basys3_Master.xdc:25]
Resolution: If [get_<value>] was used to populate the object, check to make sure this command returns at least one valid object.
WARNING: [Vivado 12-584] No ports matched 'sw[7]'. [C:/Users/93508/Desktop/Basys3_Master.xdc:26]
CRITICAL WARNING: [Common 17-55] 'set_property' expects at least one object. [C:/Users/93508/Desktop/Basys3_Master.xdc:26]
Resolution: If [get_<value>] was used to populate the object, check to make sure this command returns at least one valid object.
WARNING: [Vivado 12-584] No ports matched 'sw[7]'. [C:/Users/93508/Desktop/Basys3_Master.xdc:27]
CRITICAL WARNING: [Common 17-55] 'set_property' expects at least one object. [C:/Users/93508/Desktop/Basys3_Master.xdc:27]
Resolution: If [get_<value>] was used to populate the object, check to make sure this command returns at least one valid object.
WARNING: [Vivado 12-584] No ports matched 'sw[8]'. [C:/Users/93508/Desktop/Basys3_Master.xdc:28]
CRITICAL WARNING: [Common 17-55] 'set_property' expects at least one object. [C:/Users/93508/Desktop/Basys3_Master.xdc:28]
Resolution: If [get_<value>] was used to populate the object, check to make sure this command returns at least one valid object.
WARNING: [Vivado 12-584] No ports matched 'sw[8]'. [C:/Users/93508/Desktop/Basys3_Master.xdc:29]
CRITICAL WARNING: [Common 17-55] 'set_property' expects at least one object. [C:/Users/93508/Desktop/Basys3_Master.xdc:29]
Resolution: If [get_<value>] was used to populate the object, check to make sure this command returns at least one valid object.
WARNING: [Vivado 12-584] No ports matched 'sw[9]'. [C:/Users/93508/Desktop/Basys3_Master.xdc:30]
CRITICAL WARNING: [Common 17-55] 'set_property' expects at least one object. [C:/Users/93508/Desktop/Basys3_Master.xdc:30]
Resolution: If [get_<value>] was used to populate the object, check to make sure this command returns at least one valid object.
WARNING: [Vivado 12-584] No ports matched 'sw[9]'. [C:/Users/93508/Desktop/Basys3_Master.xdc:31]
CRITICAL WARNING: [Common 17-55] 'set_property' expects at least one object. [C:/Users/93508/Desktop/Basys3_Master.xdc:31]
Resolution: If [get_<value>] was used to populate the object, check to make sure this command returns at least one valid object.
WARNING: [Vivado 12-584] No ports matched 'sw[10]'. [C:/Users/93508/Desktop/Basys3_Master.xdc:32]
CRITICAL WARNING: [Common 17-55] 'set_property' expects at least one object. [C:/Users/93508/Desktop/Basys3_Master.xdc:32]
Resolution: If [get_<value>] was used to populate the object, check to make sure this command returns at least one valid object.
WARNING: [Vivado 12-584] No ports matched 'sw[10]'. [C:/Users/93508/Desktop/Basys3_Master.xdc:33]
CRITICAL WARNING: [Common 17-55] 'set_property' expects at least one object. [C:/Users/93508/Desktop/Basys3_Master.xdc:33]
Resolution: If [get_<value>] was used to populate the object, check to make sure this command returns at least one valid object.
WARNING: [Vivado 12-584] No ports matched 'sw[11]'. [C:/Users/93508/Desktop/Basys3_Master.xdc:34]
CRITICAL WARNING: [Common 17-55] 'set_property' expects at least one object. [C:/Users/93508/Desktop/Basys3_Master.xdc:34]
Resolution: If [get_<value>] was used to populate the object, check to make sure this command returns at least one valid object.
WARNING: [Vivado 12-584] No ports matched 'sw[11]'. [C:/Users/93508/Desktop/Basys3_Master.xdc:35]
CRITICAL WARNING: [Common 17-55] 'set_property' expects at least one object. [C:/Users/93508/Desktop/Basys3_Master.xdc:35]
Resolution: If [get_<value>] was used to populate the object, check to make sure this command returns at least one valid object.
WARNING: [Vivado 12-584] No ports matched 'sw[12]'. [C:/Users/93508/Desktop/Basys3_Master.xdc:36]
CRITICAL WARNING: [Common 17-55] 'set_property' expects at least one object. [C:/Users/93508/Desktop/Basys3_Master.xdc:36]
Resolution: If [get_<value>] was used to populate the object, check to make sure this command returns at least one valid object.
WARNING: [Vivado 12-584] No ports matched 'sw[12]'. [C:/Users/93508/Desktop/Basys3_Master.xdc:37]
CRITICAL WARNING: [Common 17-55] 'set_property' expects at least one object. [C:/Users/93508/Desktop/Basys3_Master.xdc:37]
Resolution: If [get_<value>] was used to populate the object, check to make sure this command returns at least one valid object.
WARNING: [Vivado 12-584] No ports matched 'sw[13]'. [C:/Users/93508/Desktop/Basys3_Master.xdc:38]
CRITICAL WARNING: [Common 17-55] 'set_property' expects at least one object. [C:/Users/93508/Desktop/Basys3_Master.xdc:38]
Resolution: If [get_<value>] was used to populate the object, check to make sure this command returns at least one valid object.
WARNING: [Vivado 12-584] No ports matched 'sw[13]'. [C:/Users/93508/Desktop/Basys3_Master.xdc:39]
CRITICAL WARNING: [Common 17-55] 'set_property' expects at least one object. [C:/Users/93508/Desktop/Basys3_Master.xdc:39]
Resolution: If [get_<value>] was used to populate the object, check to make sure this command returns at least one valid object.
WARNING: [Vivado 12-584] No ports matched 'btnC'. [C:/Users/93508/Desktop/Basys3_Master.xdc:111]
CRITICAL WARNING: [Common 17-55] 'set_property' expects at least one object. [C:/Users/93508/Desktop/Basys3_Master.xdc:111]
Resolution: If [get_<value>] was used to populate the object, check to make sure this command returns at least one valid object.
WARNING: [Vivado 12-584] No ports matched 'btnC'. [C:/Users/93508/Desktop/Basys3_Master.xdc:112]
CRITICAL WARNING: [Common 17-55] 'set_property' expects at least one object. [C:/Users/93508/Desktop/Basys3_Master.xdc:112]
Resolution: If [get_<value>] was used to populate the object, check to make sure this command returns at least one valid object.
WARNING: [Vivado 12-584] No ports matched 'btnU'. [C:/Users/93508/Desktop/Basys3_Master.xdc:113]
CRITICAL WARNING: [Common 17-55] 'set_property' expects at least one object. [C:/Users/93508/Desktop/Basys3_Master.xdc:113]
Resolution: If [get_<value>] was used to populate the object, check to make sure this command returns at least one valid object.
WARNING: [Vivado 12-584] No ports matched 'btnU'. [C:/Users/93508/Desktop/Basys3_Master.xdc:114]
CRITICAL WARNING: [Common 17-55] 'set_property' expects at least one object. [C:/Users/93508/Desktop/Basys3_Master.xdc:114]
Resolution: If [get_<value>] was used to populate the object, check to make sure this command returns at least one valid object.
WARNING: [Vivado 12-584] No ports matched 'btnL'. [C:/Users/93508/Desktop/Basys3_Master.xdc:115]
CRITICAL WARNING: [Common 17-55] 'set_property' expects at least one object. [C:/Users/93508/Desktop/Basys3_Master.xdc:115]
Resolution: If [get_<value>] was used to populate the object, check to make sure this command returns at least one valid object.
WARNING: [Vivado 12-584] No ports matched 'btnL'. [C:/Users/93508/Desktop/Basys3_Master.xdc:116]
CRITICAL WARNING: [Common 17-55] 'set_property' expects at least one object. [C:/Users/93508/Desktop/Basys3_Master.xdc:116]
Resolution: If [get_<value>] was used to populate the object, check to make sure this command returns at least one valid object.
WARNING: [Vivado 12-584] No ports matched 'btnD'. [C:/Users/93508/Desktop/Basys3_Master.xdc:119]
CRITICAL WARNING: [Common 17-55] 'set_property' expects at least one object. [C:/Users/93508/Desktop/Basys3_Master.xdc:119]
Resolution: If [get_<value>] was used to populate the object, check to make sure this command returns at least one valid object.
WARNING: [Vivado 12-584] No ports matched 'btnD'. [C:/Users/93508/Desktop/Basys3_Master.xdc:120]
CRITICAL WARNING: [Common 17-55] 'set_property' expects at least one object. [C:/Users/93508/Desktop/Basys3_Master.xdc:120]
Resolution: If [get_<value>] was used to populate the object, check to make sure this command returns at least one valid object.
Finished Parsing XDC File [C:/Users/93508/Desktop/Basys3_Master.xdc]
INFO: [Project 1-236] Implementation specific constraints were found while reading constraint file [C:/Users/93508/Desktop/Basys3_Master.xdc]. These constraints will be ignored for synthesis but will be used in implementation. Impacted constraints are listed in the file [.Xil/Basy3_propImpl.xdc].
Resolution: To avoid this warning, move constraints listed in [.Xil/Basy3_propImpl.xdc] to another XDC file and exclude this new file from synthesis with the used_in_synthesis property (File Properties dialog in GUI) and re-run elaboration/synthesis.
Completed Processing XDC Constraints

Netlist sorting complete. Time (s): cpu = 00:00:00 ; elapsed = 00:00:00.002 . Memory (MB): peak = 1173.066 ; gain = 0.000
INFO: [Project 1-111] Unisim Transformation Summary:
No Unisim elements were transformed.

Constraint Validation Runtime : Time (s): cpu = 00:00:01 ; elapsed = 00:00:00.053 . Memory (MB): peak = 1173.066 ; gain = 0.000
---------------------------------------------------------------------------------
Finished Constraint Validation : Time (s): cpu = 00:00:16 ; elapsed = 00:00:19 . Memory (MB): peak = 1173.066 ; gain = 457.609
---------------------------------------------------------------------------------
---------------------------------------------------------------------------------
Start Loading Part and Timing Information
---------------------------------------------------------------------------------
Loading part: xc7a35tcpg236-1
---------------------------------------------------------------------------------
Finished Loading Part and Timing Information : Time (s): cpu = 00:00:16 ; elapsed = 00:00:19 . Memory (MB): peak = 1173.066 ; gain = 457.609
---------------------------------------------------------------------------------
---------------------------------------------------------------------------------
Start Applying 'set_property' XDC Constraints
---------------------------------------------------------------------------------
---------------------------------------------------------------------------------
Finished applying 'set_property' XDC Constraints : Time (s): cpu = 00:00:17 ; elapsed = 00:00:19 . Memory (MB): peak = 1173.066 ; gain = 457.609
---------------------------------------------------------------------------------
INFO: [Synth 8-802] inferred FSM for state register 'AN_reg' in module 'clk_slow'
WARNING: [Synth 8-327] inferring latch for variable 'IDataOut_reg' [C:/Users/93508/Desktop/Project/SingleCPU/SingleCPU.srcs/sources_1/new/InsMem.v:34]
WARNING: [Synth 8-327] inferring latch for variable 'InsMemRW_reg' [C:/Users/93508/Desktop/Project/SingleCPU/SingleCPU.srcs/sources_1/new/ControlUnit.v:48]
WARNING: [Synth 8-327] inferring latch for variable 'RegDst_reg' [C:/Users/93508/Desktop/Project/SingleCPU/SingleCPU.srcs/sources_1/new/ControlUnit.v:48]
WARNING: [Synth 8-327] inferring latch for variable 'RegWre_reg' [C:/Users/93508/Desktop/Project/SingleCPU/SingleCPU.srcs/sources_1/new/ControlUnit.v:48]
WARNING: [Synth 8-327] inferring latch for variable 'ALUop_reg' [C:/Users/93508/Desktop/Project/SingleCPU/SingleCPU.srcs/sources_1/new/ControlUnit.v:50]
WARNING: [Synth 8-327] inferring latch for variable 'PCSrc_reg' [C:/Users/93508/Desktop/Project/SingleCPU/SingleCPU.srcs/sources_1/new/ControlUnit.v:49]
WARNING: [Synth 8-327] inferring latch for variable 'ALUSrcA_reg' [C:/Users/93508/Desktop/Project/SingleCPU/SingleCPU.srcs/sources_1/new/ControlUnit.v:48]
WARNING: [Synth 8-327] inferring latch for variable 'ALUSrcB_reg' [C:/Users/93508/Desktop/Project/SingleCPU/SingleCPU.srcs/sources_1/new/ControlUnit.v:48]
WARNING: [Synth 8-327] inferring latch for variable 'mRD_reg' [C:/Users/93508/Desktop/Project/SingleCPU/SingleCPU.srcs/sources_1/new/ControlUnit.v:48]
WARNING: [Synth 8-327] inferring latch for variable 'mWR_reg' [C:/Users/93508/Desktop/Project/SingleCPU/SingleCPU.srcs/sources_1/new/ControlUnit.v:48]
WARNING: [Synth 8-327] inferring latch for variable 'ExtSel_reg' [C:/Users/93508/Desktop/Project/SingleCPU/SingleCPU.srcs/sources_1/new/ControlUnit.v:48]
WARNING: [Synth 8-327] inferring latch for variable 'PCWre_reg' [C:/Users/93508/Desktop/Project/SingleCPU/SingleCPU.srcs/sources_1/new/ControlUnit.v:47]
---------------------------------------------------------------------------------------------------
                   State |                     New Encoding |                Previous Encoding 
---------------------------------------------------------------------------------------------------
                 iSTATE0 |                            00001 |                             0000
                 iSTATE1 |                            00010 |                             1101
                 iSTATE2 |                            00100 |                             1011
                 iSTATE3 |                            01000 |                             0111
                  iSTATE |                            10000 |                             1110
---------------------------------------------------------------------------------------------------
INFO: [Synth 8-3354] encoded FSM with state register 'AN_reg' using encoding 'one-hot' in module 'clk_slow'
WARNING: [Synth 8-327] inferring latch for variable 'store_reg' [C:/Users/93508/Desktop/Project/SingleCPU/SingleCPU.srcs/sources_1/new/Basy3.v:18]
---------------------------------------------------------------------------------
Finished RTL Optimization Phase 2 : Time (s): cpu = 00:00:23 ; elapsed = 00:00:26 . Memory (MB): peak = 1173.066 ; gain = 457.609
---------------------------------------------------------------------------------

Report RTL Partitions: 
+-+--------------+------------+----------+
| |RTL Partition |Replication |Instances |
+-+--------------+------------+----------+
+-+--------------+------------+----------+
---------------------------------------------------------------------------------
Start RTL Component Statistics 
---------------------------------------------------------------------------------
Detailed RTL Component Info : 
+---Adders : 
	   2 Input     32 Bit       Adders := 3     
	   3 Input     32 Bit       Adders := 1     
	   2 Input     17 Bit       Adders := 1     
	   2 Input      7 Bit       Adders := 3     
+---XORs : 
	   2 Input     32 Bit         XORs := 1     
+---Registers : 
	               32 Bit    Registers := 2     
	               17 Bit    Registers := 1     
	                8 Bit    Registers := 256   
	                1 Bit    Registers := 2     
+---RAMs : 
	             1024 Bit         RAMs := 1     
+---Muxes : 
	   4 Input     32 Bit        Muxes := 1     
	   2 Input     32 Bit        Muxes := 4     
	   2 Input     17 Bit        Muxes := 1     
	   4 Input      8 Bit        Muxes := 144   
	   2 Input      8 Bit        Muxes := 252   
	  17 Input      8 Bit        Muxes := 1     
	   2 Input      5 Bit        Muxes := 1     
	   5 Input      5 Bit        Muxes := 1     
	   5 Input      4 Bit        Muxes := 2     
	   4 Input      4 Bit        Muxes := 4     
	   6 Input      3 Bit        Muxes := 1     
	  13 Input      3 Bit        Muxes := 1     
	  13 Input      2 Bit        Muxes := 2     
	   4 Input      2 Bit        Muxes := 16    
	   4 Input      1 Bit        Muxes := 66    
	   6 Input      1 Bit        Muxes := 3     
	  13 Input      1 Bit        Muxes := 8     
	   2 Input      1 Bit        Muxes := 251   
	   5 Input      1 Bit        Muxes := 190   
---------------------------------------------------------------------------------
Finished RTL Component Statistics 
---------------------------------------------------------------------------------
---------------------------------------------------------------------------------
Start RTL Hierarchical Component Statistics 
---------------------------------------------------------------------------------
Hierarchical RTL Component report 
Module Basy3 
Detailed RTL Component Info : 
+---Muxes : 
	   4 Input      4 Bit        Muxes := 4     
	   5 Input      4 Bit        Muxes := 1     
	   5 Input      1 Bit        Muxes := 1     
Module Adder 
Detailed RTL Component Info : 
+---Adders : 
	   2 Input     32 Bit       Adders := 2     
+---Registers : 
	               32 Bit    Registers := 1     
+---Muxes : 
	   4 Input     32 Bit        Muxes := 1     
	   4 Input      1 Bit        Muxes := 1     
Module PC 
Detailed RTL Component Info : 
+---Registers : 
	               32 Bit    Registers := 1     
Module InsMem 
Detailed RTL Component Info : 
+---Adders : 
	   2 Input      7 Bit       Adders := 3     
Module ControlUnit 
Detailed RTL Component Info : 
+---Muxes : 
	   6 Input      3 Bit        Muxes := 1     
	  13 Input      3 Bit        Muxes := 1     
	  13 Input      2 Bit        Muxes := 2     
	   6 Input      1 Bit        Muxes := 3     
	  13 Input      1 Bit        Muxes := 8     
	   2 Input      1 Bit        Muxes := 1     
	   4 Input      1 Bit        Muxes := 1     
Module RegisterFile 
Detailed RTL Component Info : 
+---RAMs : 
	             1024 Bit         RAMs := 1     
Module ALU 
Detailed RTL Component Info : 
+---Adders : 
	   2 Input     32 Bit       Adders := 1     
	   3 Input     32 Bit       Adders := 1     
+---XORs : 
	   2 Input     32 Bit         XORs := 1     
+---Muxes : 
	   2 Input     32 Bit        Muxes := 2     
Module DataMem 
Detailed RTL Component Info : 
+---Registers : 
	                8 Bit    Registers := 256   
+---Muxes : 
	   2 Input     32 Bit        Muxes := 2     
	   4 Input      8 Bit        Muxes := 144   
	   2 Input      8 Bit        Muxes := 252   
	   4 Input      2 Bit        Muxes := 16    
	   2 Input      1 Bit        Muxes := 250   
	   4 Input      1 Bit        Muxes := 64    
	   5 Input      1 Bit        Muxes := 188   
Module CPU 
Detailed RTL Component Info : 
+---Muxes : 
	   2 Input      5 Bit        Muxes := 1     
Module remove_shake 
Detailed RTL Component Info : 
+---Registers : 
	                1 Bit    Registers := 1     
Module clk_slow 
Detailed RTL Component Info : 
+---Adders : 
	   2 Input     17 Bit       Adders := 1     
+---Registers : 
	               17 Bit    Registers := 1     
+---Muxes : 
	   2 Input     17 Bit        Muxes := 1     
	   5 Input      5 Bit        Muxes := 1     
	   5 Input      4 Bit        Muxes := 1     
	   5 Input      1 Bit        Muxes := 1     
Module display 
Detailed RTL Component Info : 
+---Muxes : 
	  17 Input      8 Bit        Muxes := 1     
---------------------------------------------------------------------------------
Finished RTL Hierarchical Component Statistics
---------------------------------------------------------------------------------
---------------------------------------------------------------------------------
Start Part Resource Summary
---------------------------------------------------------------------------------
Part Resources:
DSPs: 90 (col length:60)
BRAMs: 100 (col length: RAMB18 60 RAMB36 30)
---------------------------------------------------------------------------------
Finished Part Resource Summary
---------------------------------------------------------------------------------
---------------------------------------------------------------------------------
Start Cross Boundary and Area Optimization
---------------------------------------------------------------------------------
Warning: Parallel synthesis criteria is not met 
INFO: [Synth 8-3333] propagating constant 1 across sequential element (\cpu/ControlUnit/InsMemRW_reg )
WARNING: [Synth 8-3332] Sequential element (cpu/InsMem/IDataOut_reg[31]) is unused and will be removed from module Basy3.
WARNING: [Synth 8-3332] Sequential element (cpu/InsMem/IDataOut_reg[30]) is unused and will be removed from module Basy3.
WARNING: [Synth 8-3332] Sequential element (cpu/InsMem/IDataOut_reg[29]) is unused and will be removed from module Basy3.
WARNING: [Synth 8-3332] Sequential element (cpu/InsMem/IDataOut_reg[28]) is unused and will be removed from module Basy3.
WARNING: [Synth 8-3332] Sequential element (cpu/InsMem/IDataOut_reg[27]) is unused and will be removed from module Basy3.
WARNING: [Synth 8-3332] Sequential element (cpu/InsMem/IDataOut_reg[26]) is unused and will be removed from module Basy3.
WARNING: [Synth 8-3332] Sequential element (cpu/InsMem/IDataOut_reg[25]) is unused and will be removed from module Basy3.
WARNING: [Synth 8-3332] Sequential element (cpu/InsMem/IDataOut_reg[24]) is unused and will be removed from module Basy3.
WARNING: [Synth 8-3332] Sequential element (cpu/InsMem/IDataOut_reg[23]) is unused and will be removed from module Basy3.
WARNING: [Synth 8-3332] Sequential element (cpu/InsMem/IDataOut_reg[22]) is unused and will be removed from module Basy3.
WARNING: [Synth 8-3332] Sequential element (cpu/InsMem/IDataOut_reg[21]) is unused and will be removed from module Basy3.
WARNING: [Synth 8-3332] Sequential element (cpu/InsMem/IDataOut_reg[20]) is unused and will be removed from module Basy3.
WARNING: [Synth 8-3332] Sequential element (cpu/InsMem/IDataOut_reg[19]) is unused and will be removed from module Basy3.
WARNING: [Synth 8-3332] Sequential element (cpu/InsMem/IDataOut_reg[18]) is unused and will be removed from module Basy3.
WARNING: [Synth 8-3332] Sequential element (cpu/InsMem/IDataOut_reg[17]) is unused and will be removed from module Basy3.
WARNING: [Synth 8-3332] Sequential element (cpu/InsMem/IDataOut_reg[16]) is unused and will be removed from module Basy3.
WARNING: [Synth 8-3332] Sequential element (cpu/InsMem/IDataOut_reg[15]) is unused and will be removed from module Basy3.
WARNING: [Synth 8-3332] Sequential element (cpu/InsMem/IDataOut_reg[14]) is unused and will be removed from module Basy3.
WARNING: [Synth 8-3332] Sequential element (cpu/InsMem/IDataOut_reg[13]) is unused and will be removed from module Basy3.
WARNING: [Synth 8-3332] Sequential element (cpu/InsMem/IDataOut_reg[12]) is unused and will be removed from module Basy3.
WARNING: [Synth 8-3332] Sequential element (cpu/InsMem/IDataOut_reg[11]) is unused and will be removed from module Basy3.
WARNING: [Synth 8-3332] Sequential element (cpu/InsMem/IDataOut_reg[10]) is unused and will be removed from module Basy3.
WARNING: [Synth 8-3332] Sequential element (cpu/InsMem/IDataOut_reg[9]) is unused and will be removed from module Basy3.
WARNING: [Synth 8-3332] Sequential element (cpu/InsMem/IDataOut_reg[8]) is unused and will be removed from module Basy3.
WARNING: [Synth 8-3332] Sequential element (cpu/InsMem/IDataOut_reg[7]) is unused and will be removed from module Basy3.
WARNING: [Synth 8-3332] Sequential element (cpu/InsMem/IDataOut_reg[6]) is unused and will be removed from module Basy3.
WARNING: [Synth 8-3332] Sequential element (cpu/InsMem/IDataOut_reg[5]) is unused and will be removed from module Basy3.
WARNING: [Synth 8-3332] Sequential element (cpu/InsMem/IDataOut_reg[4]) is unused and will be removed from module Basy3.
WARNING: [Synth 8-3332] Sequential element (cpu/InsMem/IDataOut_reg[3]) is unused and will be removed from module Basy3.
WARNING: [Synth 8-3332] Sequential element (cpu/InsMem/IDataOut_reg[2]) is unused and will be removed from module Basy3.
WARNING: [Synth 8-3332] Sequential element (cpu/InsMem/IDataOut_reg[1]) is unused and will be removed from module Basy3.
WARNING: [Synth 8-3332] Sequential element (cpu/InsMem/IDataOut_reg[0]) is unused and will be removed from module Basy3.
WARNING: [Synth 8-3332] Sequential element (cpu/ControlUnit/InsMemRW_reg) is unused and will be removed from module Basy3.
---------------------------------------------------------------------------------
Finished Cross Boundary and Area Optimization : Time (s): cpu = 00:00:39 ; elapsed = 00:00:42 . Memory (MB): peak = 1173.066 ; gain = 457.609
---------------------------------------------------------------------------------
---------------------------------------------------------------------------------
Start ROM, RAM, DSP and Shift Register Reporting
---------------------------------------------------------------------------------

ROM:
+------------+------------+---------------+----------------+
|Module Name | RTL Object | Depth x Width | Implemented As | 
+------------+------------+---------------+----------------+
|InsMem      | p_0_out    | 128x8         | LUT            | 
|InsMem      | p_0_out    | 128x8         | LUT            | 
|InsMem      | p_0_out    | 128x8         | LUT            | 
|InsMem      | p_0_out    | 128x8         | LUT            | 
|Basy3       | p_0_out    | 128x8         | LUT            | 
|Basy3       | p_0_out    | 128x8         | LUT            | 
|Basy3       | p_0_out    | 128x8         | LUT            | 
|Basy3       | p_0_out    | 128x8         | LUT            | 
+------------+------------+---------------+----------------+


Distributed RAM: Preliminary Mapping	Report (see note below)
+------------+--------------------------------+-----------+----------------------+--------------+
|Module Name | RTL Object                     | Inference | Size (Depth x Width) | Primitives   | 
+------------+--------------------------------+-----------+----------------------+--------------+
|Basy3       | cpu/RegisterFile/registers_reg | Implied   | 32 x 32              | RAM32M x 12	 | 
+------------+--------------------------------+-----------+----------------------+--------------+

Note: The table above is a preliminary report that shows the Distributed RAMs at the current stage of the synthesis flow. Some Distributed RAMs may be reimplemented as non Distributed RAM primitives later in the synthesis flow. Multiple instantiated RAMs are reported only once.
---------------------------------------------------------------------------------
Finished ROM, RAM, DSP and Shift Register Reporting
---------------------------------------------------------------------------------

Report RTL Partitions: 
+-+--------------+------------+----------+
| |RTL Partition |Replication |Instances |
+-+--------------+------------+----------+
+-+--------------+------------+----------+
---------------------------------------------------------------------------------
Start Applying XDC Timing Constraints
---------------------------------------------------------------------------------
---------------------------------------------------------------------------------
Finished Applying XDC Timing Constraints : Time (s): cpu = 00:00:46 ; elapsed = 00:00:50 . Memory (MB): peak = 1173.066 ; gain = 457.609
---------------------------------------------------------------------------------
---------------------------------------------------------------------------------
Start Timing Optimization
---------------------------------------------------------------------------------
---------------------------------------------------------------------------------
Finished Timing Optimization : Time (s): cpu = 00:00:53 ; elapsed = 00:00:57 . Memory (MB): peak = 1229.156 ; gain = 513.699
---------------------------------------------------------------------------------
---------------------------------------------------------------------------------
Start ROM, RAM, DSP and Shift Register Reporting
---------------------------------------------------------------------------------

Distributed RAM: Final Mapping	Report
+------------+--------------------------------+-----------+----------------------+--------------+
|Module Name | RTL Object                     | Inference | Size (Depth x Width) | Primitives   | 
+------------+--------------------------------+-----------+----------------------+--------------+
|Basy3       | cpu/RegisterFile/registers_reg | Implied   | 32 x 32              | RAM32M x 12	 | 
+------------+--------------------------------+-----------+----------------------+--------------+

---------------------------------------------------------------------------------
Finished ROM, RAM, DSP and Shift Register Reporting
---------------------------------------------------------------------------------

Report RTL Partitions: 
+-+--------------+------------+----------+
| |RTL Partition |Replication |Instances |
+-+--------------+------------+----------+
+-+--------------+------------+----------+
---------------------------------------------------------------------------------
Start Technology Mapping
---------------------------------------------------------------------------------
---------------------------------------------------------------------------------
Finished Technology Mapping : Time (s): cpu = 00:00:57 ; elapsed = 00:01:01 . Memory (MB): peak = 1332.793 ; gain = 617.336
---------------------------------------------------------------------------------

Report RTL Partitions: 
+-+--------------+------------+----------+
| |RTL Partition |Replication |Instances |
+-+--------------+------------+----------+
+-+--------------+------------+----------+
---------------------------------------------------------------------------------
Start IO Insertion
---------------------------------------------------------------------------------
---------------------------------------------------------------------------------
Start Flattening Before IO Insertion
---------------------------------------------------------------------------------
---------------------------------------------------------------------------------
Finished Flattening Before IO Insertion
---------------------------------------------------------------------------------
---------------------------------------------------------------------------------
Start Final Netlist Cleanup
---------------------------------------------------------------------------------
---------------------------------------------------------------------------------
Finished Final Netlist Cleanup
---------------------------------------------------------------------------------
---------------------------------------------------------------------------------
Finished IO Insertion : Time (s): cpu = 00:01:02 ; elapsed = 00:01:06 . Memory (MB): peak = 1339.410 ; gain = 623.953
---------------------------------------------------------------------------------
---------------------------------------------------------------------------------
Start Renaming Generated Instances
---------------------------------------------------------------------------------
---------------------------------------------------------------------------------
Finished Renaming Generated Instances : Time (s): cpu = 00:01:02 ; elapsed = 00:01:06 . Memory (MB): peak = 1339.410 ; gain = 623.953
---------------------------------------------------------------------------------

Report RTL Partitions: 
+-+--------------+------------+----------+
| |RTL Partition |Replication |Instances |
+-+--------------+------------+----------+
+-+--------------+------------+----------+

Report Check Netlist: 
+------+------------------+-------+---------+-------+------------------+
|      |Item              |Errors |Warnings |Status |Description       |
+------+------------------+-------+---------+-------+------------------+
|1     |multi_driven_nets |      0|        0|Passed |Multi driven nets |
+------+------------------+-------+---------+-------+------------------+
---------------------------------------------------------------------------------
Start Rebuilding User Hierarchy
---------------------------------------------------------------------------------
---------------------------------------------------------------------------------
Finished Rebuilding User Hierarchy : Time (s): cpu = 00:01:03 ; elapsed = 00:01:07 . Memory (MB): peak = 1339.410 ; gain = 623.953
---------------------------------------------------------------------------------
---------------------------------------------------------------------------------
Start Renaming Generated Ports
---------------------------------------------------------------------------------
---------------------------------------------------------------------------------
Finished Renaming Generated Ports : Time (s): cpu = 00:01:03 ; elapsed = 00:01:07 . Memory (MB): peak = 1339.410 ; gain = 623.953
---------------------------------------------------------------------------------
---------------------------------------------------------------------------------
Start Handling Custom Attributes
---------------------------------------------------------------------------------
---------------------------------------------------------------------------------
Finished Handling Custom Attributes : Time (s): cpu = 00:01:03 ; elapsed = 00:01:07 . Memory (MB): peak = 1339.410 ; gain = 623.953
---------------------------------------------------------------------------------
---------------------------------------------------------------------------------
Start Renaming Generated Nets
---------------------------------------------------------------------------------
---------------------------------------------------------------------------------
Finished Renaming Generated Nets : Time (s): cpu = 00:01:03 ; elapsed = 00:01:07 . Memory (MB): peak = 1339.410 ; gain = 623.953
---------------------------------------------------------------------------------
---------------------------------------------------------------------------------
Start Writing Synthesis Report
---------------------------------------------------------------------------------

Report BlackBoxes: 
+-+--------------+----------+
| |BlackBox name |Instances |
+-+--------------+----------+
+-+--------------+----------+

Report Cell Usage: 
+------+-------+------+
|      |Cell   |Count |
+------+-------+------+
|1     |BUFG   |     1|
|2     |CARRY4 |    52|
|3     |LUT1   |     9|
|4     |LUT2   |   146|
|5     |LUT3   |  1026|
|6     |LUT4   |    89|
|7     |LUT5   |   426|
|8     |LUT6   |  2778|
|9     |MUXF7  |   948|
|10    |MUXF8  |    32|
|11    |RAM32M |    12|
|12    |FDCE   |    20|
|13    |FDRE   |  2159|
|14    |FDSE   |     1|
|15    |LD     |    17|
|16    |IBUF   |     5|
|17    |OBUF   |    12|
+------+-------+------+

Report Instance Areas: 
+------+---------------------+---------------+------+
|      |Instance             |Module         |Cells |
+------+---------------------+---------------+------+
|1     |top                  |               |  7733|
|2     |  cpu                |CPU            |  7500|
|3     |    ALU              |ALU            |    22|
|4     |    Adder            |Adder          |    15|
|5     |    ControlUnit      |ControlUnit    |   781|
|6     |    DataMem          |DataMem        |  5641|
|7     |    PC               |PC             |   314|
|8     |    RegisterFile     |RegisterFile   |   727|
|9     |  remove_shake_clk   |remove_shake   |    69|
|10    |  remove_shake_reset |remove_shake_0 |    77|
|11    |  slowclk            |clk_slow       |    63|
+------+---------------------+---------------+------+
---------------------------------------------------------------------------------
Finished Writing Synthesis Report : Time (s): cpu = 00:01:03 ; elapsed = 00:01:07 . Memory (MB): peak = 1339.410 ; gain = 623.953
---------------------------------------------------------------------------------
Synthesis finished with 0 errors, 0 critical warnings and 46 warnings.
Synthesis Optimization Runtime : Time (s): cpu = 00:00:51 ; elapsed = 00:01:02 . Memory (MB): peak = 1339.410 ; gain = 510.797
Synthesis Optimization Complete : Time (s): cpu = 00:01:03 ; elapsed = 00:01:07 . Memory (MB): peak = 1339.410 ; gain = 623.953
INFO: [Project 1-571] Translating synthesized netlist
Netlist sorting complete. Time (s): cpu = 00:00:00 ; elapsed = 00:00:00.154 . Memory (MB): peak = 1339.410 ; gain = 0.000
INFO: [Netlist 29-17] Analyzing 1061 Unisim elements for replacement
INFO: [Netlist 29-28] Unisim Transformation completed in 0 CPU seconds
INFO: [Project 1-570] Preparing netlist for logic optimization
INFO: [Opt 31-138] Pushed 0 inverter(s) to 0 load pin(s).
Netlist sorting complete. Time (s): cpu = 00:00:00 ; elapsed = 00:00:00.002 . Memory (MB): peak = 1339.410 ; gain = 0.000
INFO: [Project 1-111] Unisim Transformation Summary:
  A total of 29 instances were transformed.
  LD => LDCE: 17 instances
  RAM32M => RAM32M (RAMD32(x6), RAMS32(x2)): 12 instances

INFO: [Common 17-83] Releasing license: Synthesis
49 Infos, 95 Warnings, 34 Critical Warnings and 0 Errors encountered.
synth_design completed successfully
synth_design: Time (s): cpu = 00:01:11 ; elapsed = 00:01:16 . Memory (MB): peak = 1339.410 ; gain = 913.422
Netlist sorting complete. Time (s): cpu = 00:00:00 ; elapsed = 00:00:00.003 . Memory (MB): peak = 1339.410 ; gain = 0.000
WARNING: [Constraints 18-5210] No constraints selected for write.
Resolution: This message can indicate that there are no constraints for the design, or it can indicate that the used_in flags are set such that the constraints are ignored. This later case is used when running synth_design to not write synthesis constraints to the resulting checkpoint. Instead, project constraints are read when the synthesized design is opened.
INFO: [Common 17-1381] The checkpoint 'C:/Users/93508/Desktop/Project/SingleCPU/SingleCPU.runs/synth_1/Basy3.dcp' has been generated.
INFO: [runtcl-4] Executing : report_utilization -file Basy3_utilization_synth.rpt -pb Basy3_utilization_synth.pb
INFO: [Common 17-206] Exiting Vivado at Wed Dec  9 08:23:39 2020...
